<?xml version="1.0" encoding="UTF-8"?>
<!-- Generated by org.testng.reporters.JUnitXMLReporter -->
<testsuite ignored="0" hostname="Vitaliis-MacBook-Pro.local" failures="0" tests="6" name="WorldTimeAPI" time="0.978" errors="0" timestamp="2023-02-20T19:09:16 PST">
  <testcase classname="WorldTimeAPITest" name="getErrorAboutArgentinaS" time="0.645"/>
  <testcase classname="WorldTimeAPITest" name="getInfoAboutArgentinaSalta" time="0.074"/>
  <testcase classname="WorldTimeAPITest" name="getInfoAboutLocalIP" time="0.057"/>
  <testcase classname="WorldTimeAPITest" name="getInfoAboutLondonAsString" time="0.062"/>
  <testcase classname="WorldTimeAPITest" name="getListOfAvailableEuropeanTimeZones" time="0.06"/>
  <testcase classname="WorldTimeAPITest" name="getListOfAvailableTimeZones" time="0.057"/>
</testsuite> <!-- WorldTimeAPI -->
